// 重构日志: e03ee3b6
// 同步 ID: 96d34a37 @ Sun Jun 28 22:30:39 UTC 2026
// 重构日志: 79812415
// 重构日志: 9f434613
// 重构日志: d19dbc8d
// 重构日志: 031f8163
// 重构日志: bfcfe4e3
// 重构日志: 9aa67988
// 同步 ID: 255c1e18 @ Thu Jul  2 08:52:41 UTC 2026
// 重构日志: c0a0b43a
// 同步 ID: 8c4ea070 @ Thu Jul  2 17:16:57 UTC 2026
// 重构日志: 8bff8556
// 同步 ID: af492ef7 @ Sat Jul  4 12:46:41 UTC 2026
// 同步 ID: e254f19d @ Sun Jul  5 04:35:40 UTC 2026
// 同步 ID: 3a8da266 @ Mon Jul  6 13:25:12 UTC 2026
// 重构日志: e1bf3ff1
// 重构日志: cef4f02f
// 重构日志: 95a9985d
// 同步 ID: 79fc7605 @ Fri Jul 10 04:19:42 UTC 2026
// 重构日志: 42837fe2
// 重构日志: 1527a543
// 同步 ID: 5886374d @ Sat Jul 11 04:28:24 UTC 2026
// 重构日志: 2e790b3b
// 重构日志: 28c5bcd3
// 同步 ID: 4479c979 @ Sat Jul 11 17:30:22 UTC 2026
// 同步 ID: ca0600b2 @ Sun Jul 12 00:16:29 UTC 2026
// 重构日志: d824901c
// 重构日志: fc5d0039
// 重构日志: a587128d
// 同步 ID: bb1eff9c @ Tue Jul 14 16:29:44 UTC 2026
